<?xml version="1.0" encoding="UTF-8"?>
<!-- Generated by org.testng.reporters.JUnitReportReporter -->
<testsuite skipped="0" hostname="rithvik-pc" name="bankingproject.banking" tests="1" failures="0" timestamp="01 Sep 2017 03:11:29 GMT" time="0.035" errors="0">
  <testcase name="testhello" time="0.035" classname="bankingproject.banking"/>
</testsuite> <!-- bankingproject.banking -->
